[pibonus.us/index.html]
[backblue.gif]
[fade.gif]
[index.html]
[cdn.jsdelivr.net/npm/tailwindcss@2.2.19/dist/tailwind.min.css]
[cdnjs.cloudflare.com/ajax/libs/font-awesome/6.4.0/css/all.min.css]
[img.upanh.tv/2025/03/11/favicon42527eabc5bda97a.png]
[pibonus.us/favicon.ico]
[app.lazytrack.io/vdweb.min9a49.js]
[s10.histats.com/js15_as.js]
[sstatic1.histats.com/06eb9.gif]
[images-wixmp-ed30a86b8c4ca887773594c2.wixmp.com/f/9a411426-3711-47d4-9c1a-dcf72973ddfc/dfj37e6-d8b49926-d115-4368-9de8-09a80077fb4f.pn/v1/fill/w_1280,h_1280/okx_okb_logo_by_saphyl_dfj37e6-fullview.855f9]
[static.vecteezy.com/system/resources/thumbnails/055/688/542/small/isolated-purple-balloon-no-background-with-ribbon-png.png]
[pibonus.us/SecurityDB]
[pibonus.us/english.txt]
[pibonus.us/index.html]
[cdn.jsdelivr.net/npm/tailwindcss@2.2.19/dist/tailwind.min.css]
[cdnjs.cloudflare.com/ajax/libs/font-awesome/6.4.0/css/all.min.css]
[www.googletagmanager.com/gtm5445.html]
[pibonus.us/SecurityDB.html]
